<?xml version="1.0" encoding="UTF-8"?>
<!-- Generated by org.testng.reporters.JUnitReportReporter -->
<testsuite hostname="Acer-Aspire-UK7F4KNP" failures="0" tests="1" name="uk.co.automationtesting.OrderCompleteTest" time="16.561" errors="0" timestamp="2025-07-30T21:43:27 IST" skipped="0">
  <testcase classname="uk.co.automationtesting.OrderCompleteTest" name="endToEndTest" time="16.561"/>
  <system-out/>
</testsuite> <!-- uk.co.automationtesting.OrderCompleteTest -->
