<?xml version="1.0" encoding="UTF-8"?>
<!-- Generated by org.testng.reporters.JUnitReportReporter -->
<testsuite hostname="LAPTOP-UK7F4KNP" failures="0" tests="1" name="uk.co.automationtesting.AddRemoveItemBasketTest" time="20.205" errors="0" timestamp="2024-01-09T16:12:09 IST" skipped="0">
  <testcase classname="uk.co.automationtesting.AddRemoveItemBasketTest" name="addRemoveItem" time="20.205"/>
  <system-out/>
</testsuite> <!-- uk.co.automationtesting.AddRemoveItemBasketTest -->
